<?xml version="1.0" encoding="UTF-8"?>
<!-- Generated by org.testng.reporters.JUnitXMLReporter -->
<testsuite ignored="2" hostname="DESKTOP-HMGEE72" failures="0" tests="2" name="Default test" time="14.692" errors="0" timestamp="2022-03-19T19:31:17 IST">
  <testcase classname="org.testng.test.Login_testcase" name="tc_login1" time="5.097"/>
  <testcase classname="org.testng.test.Login_testcase" name="tc_admin" time="4.917"/>
  <testcase classname="org.testng.test.Login_testcase" name="login_tc" time="0.0">
    <ignored/>
  </testcase> <!-- login_tc -->
  <testcase classname="org.testng.test.Login_testcase" name="tc_login" time="0.0">
    <ignored/>
  </testcase> <!-- tc_login -->
</testsuite> <!-- Default test -->
